<?xml version="1.0" encoding="UTF-8"?>
<!-- Generated by org.testng.reporters.JUnitXMLReporter -->
<testsuite ignored="0" hostname="Rohit-PC" failures="0" tests="3" name="Default test" time="86.795" errors="0" timestamp="2022-11-24T16:53:58 IST">
  <testcase classname="basicOperatins.BrowserOpen" name="openChrome" time="25.507"/>
  <testcase classname="basicOperatins.BrowserOpen" name="openEdge" time="17.418"/>
  <testcase classname="basicOperatins.BrowserOpen" name="openFirefox" time="29.778"/>
</testsuite> <!-- Default test -->
