<?xml version="1.0" encoding="UTF-8"?>
<!-- Generated by org.testng.reporters.JUnitXMLReporter -->
<testsuite ignored="3" hostname="Rohit-PC" failures="0" tests="1" name="Default test" time="59.179" errors="0" timestamp="2022-11-25T16:34:12 IST">
  <testcase classname="basicOperatins.LocatorClass" name="tagName" time="58.76"/>
  <testcase classname="basicOperatins.LocatorClass" name="linkText" time="0.0">
    <ignored/>
  </testcase> <!-- linkText -->
  <testcase classname="basicOperatins.LocatorClass" name="otherLocator" time="0.0">
    <ignored/>
  </testcase> <!-- otherLocator -->
  <testcase classname="basicOperatins.LocatorClass" name="openOrangeBook" time="0.0">
    <ignored/>
  </testcase> <!-- openOrangeBook -->
</testsuite> <!-- Default test -->
