<?xml version="1.0" encoding="UTF-8"?>
<testng-results ignored="1" total="2" passed="1" failed="0" skipped="0">
  <reporter-output>
  </reporter-output>
  <suite started-at="2022-12-01T17:07:20 IST" name="Default suite" finished-at="2022-12-01T17:07:45 IST" duration-ms="24735">
    <groups>
    </groups>
    <test started-at="2022-12-01T17:07:20 IST" name="Default test" finished-at="2022-12-01T17:07:45 IST" duration-ms="24735">
      <class name="basicOperatins.PropFile">
        <test-method signature="screenShot()[pri:0, instance:basicOperatins.PropFile@5403f35f]" started-at="2022-12-01T17:07:21 IST" name="screenShot" finished-at="2022-12-01T17:07:45 IST" duration-ms="24284" status="PASS">
          <reporter-output>
          </reporter-output>
        </test-method> <!-- screenShot -->
      </class> <!-- basicOperatins.PropFile -->
    </test> <!-- Default test -->
  </suite> <!-- Default suite -->
</testng-results>
